<?xml version="1.0" encoding="UTF-8"?>
<!-- Generated by org.testng.reporters.JUnitXMLReporter -->
<testsuite hostname="TYSS-4F-070" ignored="2" name="Test" tests="2" failures="0" timestamp="14 Nov 2017 11:54:14 GMT" time="0.065" errors="0">
  <testcase name="test1" time="0.018" classname="testpresentation.Sample3"/>
  <testcase name="test2" time="0.003" classname="testpresentation.Sample3"/>
  <testcase name="test3" time="0.0" classname="testpresentation.Sample3">
    <ignored/>
  </testcase> <!-- test3 -->
  <testcase name="test4" time="0.0" classname="testpresentation.Sample3">
    <ignored/>
  </testcase> <!-- test4 -->
</testsuite> <!-- Test -->
