<?xml version="1.0" encoding="UTF-8"?>
<testng-results skipped="0" failed="0" ignored="2" total="4" passed="2">
  <reporter-output>
    <line>
      <![CDATA[regression group]]>
    </line>
    <line>
      <![CDATA[regression group]]>
    </line>
  </reporter-output>
  <suite name="Suite" duration-ms="65" started-at="2017-11-14T11:54:14Z" finished-at="2017-11-14T11:54:14Z">
    <groups>
      <group name="regression">
        <method signature="Sample3.test1()[pri:0, instance:testpresentation.Sample3@56ef9176]" name="test1" class="testpresentation.Sample3"/>
        <method signature="Sample3.test2()[pri:0, instance:testpresentation.Sample3@56ef9176]" name="test2" class="testpresentation.Sample3"/>
      </group> <!-- regression -->
    </groups>
    <test name="Test" duration-ms="65" started-at="2017-11-14T11:54:14Z" finished-at="2017-11-14T11:54:14Z">
      <class name="testpresentation.Sample3">
        <test-method status="PASS" signature="test1()[pri:0, instance:testpresentation.Sample3@56ef9176]" name="test1" duration-ms="18" started-at="2017-11-14T17:24:14Z" finished-at="2017-11-14T17:24:14Z">
          <reporter-output>
            <line>
              <![CDATA[regression group]]>
            </line>
          </reporter-output>
        </test-method> <!-- test1 -->
        <test-method status="PASS" signature="test2()[pri:0, instance:testpresentation.Sample3@56ef9176]" name="test2" duration-ms="3" started-at="2017-11-14T17:24:14Z" finished-at="2017-11-14T17:24:14Z">
          <reporter-output>
            <line>
              <![CDATA[regression group]]>
            </line>
          </reporter-output>
        </test-method> <!-- test2 -->
      </class> <!-- testpresentation.Sample3 -->
    </test> <!-- Test -->
  </suite> <!-- Suite -->
</testng-results>
